<?xml version="1.0" encoding="UTF-8"?>
<!-- Generated by org.testng.reporters.JUnitReportReporter -->
<testsuite hostname="Jasper" failures="0" tests="2" name="learningpkg.Sample2" time="0.006" errors="0" timestamp="2024-06-07T21:23:12 CST" skipped="0">
  <testcase classname="learningpkg.Sample2" name="f3" time="0.003"/>
  <testcase classname="learningpkg.Sample2" name="f2" time="0.003"/>
</testsuite> <!-- learningpkg.Sample2 -->
