<?xml version="1.0" encoding="UTF-8"?>
<!-- Generated by org.testng.reporters.JUnitReportReporter -->
<testsuite hostname="Jasper" failures="0" tests="1" name="learningpkg.Locators" time="4.025" errors="0" timestamp="2024-06-05T17:58:00 CST" skipped="0">
  <testcase classname="learningpkg.Locators" name="openUrl" time="4.025"/>
</testsuite> <!-- learningpkg.Locators -->
