<?xml version="1.0" encoding="UTF-8"?>
<!-- Generated by org.testng.reporters.JUnitReportReporter -->
<testsuite hostname="Jasper" failures="0" tests="1" name="learningpkg.LocatorsBasics" time="9.968" errors="0" timestamp="2024-06-08T07:57:36 CST" skipped="0">
  <testcase classname="learningpkg.LocatorsBasics" name="openUrl" time="9.968"/>
</testsuite> <!-- learningpkg.LocatorsBasics -->
