<?xml version="1.0" encoding="UTF-8"?>
<!-- Generated by org.testng.reporters.JUnitReportReporter -->
<testsuite hostname="Jasper" failures="0" tests="2" name="learningpkg.TestNGBasics" time="0.006" errors="0" timestamp="2024-06-07T21:24:46 CST" skipped="0">
  <testcase classname="learningpkg.TestNGBasics" name="f1" time="0.002"/>
  <testcase classname="learningpkg.TestNGBasics" name="f" time="0.004"/>
</testsuite> <!-- learningpkg.TestNGBasics -->
