<?xml version="1.0" encoding="UTF-8"?>
<!-- Generated by org.testng.reporters.JUnitReportReporter -->
<testsuite hostname="Jasper" failures="0" tests="1" name="learningpkg.TestNGBasics" time="0.007" errors="0" timestamp="2024-06-05T16:27:15 CST" skipped="0">
  <testcase classname="learningpkg.TestNGBasics" name="f" time="0.007"/>
</testsuite> <!-- learningpkg.TestNGBasics -->
