<?xml version="1.0" encoding="UTF-8"?>
<!-- Generated by org.testng.reporters.JUnitReportReporter -->
<testsuite hostname="Jasper" failures="0" tests="4" name="learningpkg.Locators" time="16.458" errors="0" timestamp="2024-06-12T19:11:07 CST" skipped="2">
  <testcase classname="learningpkg.Locators" name="byPartialLinkText" time="8.111"/>
  <testcase classname="learningpkg.Locators" name="byLink" time="8.347"/>
  <testcase classname="learningpkg.Locators" name="byName">
    <skipped/>
  </testcase> <!-- byName -->
  <testcase classname="learningpkg.Locators" name="byId">
    <skipped/>
  </testcase> <!-- byId -->
</testsuite> <!-- learningpkg.Locators -->
