<?xml version="1.0" encoding="UTF-8"?>
<!-- Generated by org.testng.reporters.JUnitReportReporter -->
<testsuite hostname="Jasper" failures="0" tests="4" name="assignments.LoginTestcases" time="55.144" errors="0" timestamp="2024-06-17T19:03:29 CST" skipped="0">
  <testcase classname="assignments.LoginTestcases" name="TestCas3" time="13.113"/>
  <testcase classname="assignments.LoginTestcases" name="TestCas4" time="17.132"/>
  <testcase classname="assignments.LoginTestcases" name="TestCas2" time="13.844"/>
  <testcase classname="assignments.LoginTestcases" name="TestCas1" time="11.055"/>
</testsuite> <!-- assignments.LoginTestcases -->
