<?xml version="1.0" encoding="UTF-8"?>
<!-- Generated by org.testng.reporters.JUnitReportReporter -->
<testsuite hostname="Jasper" failures="0" tests="3" name="assignments.Assignment2" time="16.524" errors="0" timestamp="2024-06-24T15:16:54 CST" skipped="0">
  <testcase classname="assignments.Assignment2" name="Test3" time="6.021"/>
  <testcase classname="assignments.Assignment2" name="Test2" time="3.454"/>
  <testcase classname="assignments.Assignment2" name="Test1" time="7.049"/>
</testsuite> <!-- assignments.Assignment2 -->
