<?xml version="1.0" encoding="UTF-8"?>
<!-- Generated by org.testng.reporters.JUnitReportReporter -->
<testsuite hostname="Jasper" failures="0" tests="1" name="practise.DragandDrop" time="7.301" errors="0" timestamp="2024-06-25T19:47:50 CST" skipped="0">
  <testcase classname="practise.DragandDrop" name="dragandDrop" time="7.301"/>
</testsuite> <!-- practise.DragandDrop -->
