<?xml version="1.0" encoding="UTF-8"?>
<!-- Generated by org.testng.reporters.JUnitReportReporter -->
<testsuite hostname="Jasper" failures="0" tests="3" name="practise.AlertsTest" time="35.517" errors="0" timestamp="2024-06-21T20:57:45 CST" skipped="0">
  <testcase classname="practise.AlertsTest" name="alertwithOKandCancel" time="11.566"/>
  <testcase classname="practise.AlertsTest" name="alertwithTextBox" time="12.750"/>
  <testcase classname="practise.AlertsTest" name="alertwithOK" time="11.201"/>
</testsuite> <!-- practise.AlertsTest -->
