<?xml version="1.0" encoding="UTF-8"?>
<!-- Generated by org.testng.reporters.JUnitReportReporter -->
<testsuite hostname="Jasper" failures="0" tests="4" name="assignments.LoginTC" time="32.117" errors="0" timestamp="2024-06-18T10:27:50 CST" skipped="0">
  <testcase classname="assignments.LoginTC" name="TestCas3" time="6.537"/>
  <testcase classname="assignments.LoginTC" name="TestCas2" time="7.296"/>
  <testcase classname="assignments.LoginTC" name="TestCas1" time="7.479"/>
  <testcase classname="assignments.LoginTC" name="TestCas4" time="10.805"/>
</testsuite> <!-- assignments.LoginTC -->
