<?xml version="1.0" encoding="UTF-8"?>
<!-- Generated by org.testng.reporters.JUnitReportReporter -->
<testsuite hostname="Jasper" failures="0" tests="2" name="practise.ExcelOperations" time="1.154" errors="0" timestamp="2024-06-27T22:07:32 CST" skipped="0">
  <testcase classname="practise.ExcelOperations" name="writeToExcel" time="0.233"/>
  <testcase classname="practise.ExcelOperations" name="readFromExcel" time="0.921"/>
</testsuite> <!-- practise.ExcelOperations -->
