<?xml version="1.0" encoding="UTF-8"?>
<!-- Generated by org.testng.reporters.JUnitReportReporter -->
<testsuite hostname="Jasper" failures="0" tests="1" name="assignments.Assignment3" time="12.689" errors="0" timestamp="2024-06-28T17:28:37 CST" skipped="0">
  <testcase classname="assignments.Assignment3" name="calculatorInput" time="12.689"/>
</testsuite> <!-- assignments.Assignment3 -->
