<?xml version="1.0" encoding="UTF-8"?>
<!-- Generated by org.testng.reporters.JUnitReportReporter -->
<testsuite hostname="Jasper" failures="0" tests="1" name="practise.DataDriventest" time="12.479" errors="0" timestamp="2024-06-28T09:35:37 CST" skipped="0">
  <testcase classname="practise.DataDriventest" name="excelAction" time="12.479"/>
</testsuite> <!-- practise.DataDriventest -->
