<?xml version="1.0" encoding="UTF-8"?>
<!-- Generated by org.testng.reporters.JUnitReportReporter -->
<testsuite hostname="Jasper" failures="0" tests="1" name="practise.Calendar1" time="8.302" errors="0" timestamp="2024-06-24T20:46:53 CST" skipped="0">
  <testcase classname="practise.Calendar1" name="selectDate" time="8.302"/>
</testsuite> <!-- practise.Calendar1 -->
