<?xml version="1.0" encoding="UTF-8"?>
<!-- Generated by org.testng.reporters.JUnitReportReporter -->
<testsuite hostname="Jasper" failures="0" tests="1" name="practise.Locators1" time="1.060" errors="0" timestamp="2024-06-12T15:40:15 CST" skipped="0">
  <testcase classname="practise.Locators1" name="RegisterPage" time="1.060"/>
</testsuite> <!-- practise.Locators1 -->
