<?xml version="1.0" encoding="UTF-8"?>
<!-- Generated by org.testng.reporters.JUnitReportReporter -->
<testsuite hostname="Jasper" failures="0" tests="2" name="practise.WindowHandle" time="28.919" errors="0" timestamp="2024-06-22T21:38:23 CST" skipped="0">
  <testcase classname="practise.WindowHandle" name="window" time="11.635"/>
  <testcase classname="practise.WindowHandle" name="newWindow" time="17.284"/>
</testsuite> <!-- practise.WindowHandle -->
