<?xml version="1.0" encoding="UTF-8"?>
<!-- Generated by org.testng.reporters.JUnitReportReporter -->
<testsuite hostname="Jasper" failures="0" tests="3" name="practise.MouseAction" time="11.200" errors="0" timestamp="2024-06-25T20:16:38 CST" skipped="2">
  <testcase classname="practise.MouseAction" name="slider" time="11.200"/>
  <testcase classname="practise.MouseAction" name="mouseClicks">
    <skipped/>
  </testcase> <!-- mouseClicks -->
  <testcase classname="practise.MouseAction" name="dragandDrop">
    <skipped/>
  </testcase> <!-- dragandDrop -->
</testsuite> <!-- practise.MouseAction -->
