<?xml version="1.0" encoding="UTF-8"?>
<!-- Generated by org.testng.reporters.JUnitReportReporter -->
<testsuite hostname="Jasper" failures="0" tests="1" name="practise.Links" time="15.287" errors="0" timestamp="2024-06-20T14:00:35 CST" skipped="0">
  <testcase classname="practise.Links" name="f" time="15.287"/>
</testsuite> <!-- practise.Links -->
