<?xml version="1.0" encoding="UTF-8"?>
<!-- Generated by org.testng.reporters.JUnitReportReporter -->
<testsuite hostname="Jasper" failures="0" tests="1" name="practise.CookieHandlng" time="7.777" errors="0" timestamp="2024-06-27T20:56:38 CST" skipped="0">
  <testcase classname="practise.CookieHandlng" name="cookieHandling" time="7.777"/>
</testsuite> <!-- practise.CookieHandlng -->
