<?xml version="1.0" encoding="UTF-8"?>
<!-- Generated by org.testng.reporters.JUnitReportReporter -->
<testsuite hostname="Jasper" failures="0" tests="1" name="practise.NewTest" time="5.929" errors="0" timestamp="2024-06-17T20:57:34 CST" skipped="0">
  <testcase classname="practise.NewTest" name="TestCas1" time="5.929"/>
</testsuite> <!-- practise.NewTest -->
