<?xml version="1.0" encoding="UTF-8"?>
<!-- Generated by org.testng.reporters.JUnitReportReporter -->
<testsuite hostname="Jasper" failures="0" tests="1" name="practise.InputType" time="5.748" errors="0" timestamp="2024-06-19T10:33:59 CST" skipped="0">
  <testcase classname="practise.InputType" name="webForm" time="5.748"/>
</testsuite> <!-- practise.InputType -->
